  [1m[36mActiveRecord::SchemaMigration Load (0.7ms)[0m  [1m[34mSELECT "schema_migrations"."version" FROM "schema_migrations" ORDER BY "schema_migrations"."version" ASC /*application='Lab06JuanCabelloVargas'*/[0m
  [1m[35m (0.6ms)[0m  [1m[34mSELECT pg_try_advisory_lock(5782401454358075085) /*application='Lab06JuanCabelloVargas'*/[0m
  [1m[36mActiveRecord::SchemaMigration Load (0.6ms)[0m  [1m[34mSELECT "schema_migrations"."version" FROM "schema_migrations" ORDER BY "schema_migrations"."version" ASC /*application='Lab06JuanCabelloVargas'*/[0m
  [1m[36mActiveRecord::InternalMetadata Load (1.3ms)[0m  [1m[34mSELECT * FROM "ar_internal_metadata" WHERE "ar_internal_metadata"."key" = 'environment' ORDER BY "ar_internal_metadata"."key" ASC LIMIT 1 /*application='Lab06JuanCabelloVargas'*/[0m
Migrating to AddRoleToUsers (20251020192400)
  [1m[36mTRANSACTION (0.2ms)[0m  [1m[35mBEGIN /*application='Lab06JuanCabelloVargas'*/[0m
  [1m[35m (2.8ms)[0m  [1m[35mALTER TABLE "users" ADD "role" integer DEFAULT 0 NOT NULL /*application='Lab06JuanCabelloVargas'*/[0m
  [1m[35m (1.5ms)[0m  [1m[35mCREATE INDEX "index_users_on_role" ON "users" ("role") /*application='Lab06JuanCabelloVargas'*/[0m
  [1m[36mActiveRecord::SchemaMigration Create (0.2ms)[0m  [1m[32mINSERT INTO "schema_migrations" ("version") VALUES ('20251020192400') RETURNING "version" /*application='Lab06JuanCabelloVargas'*/[0m
  [1m[36mTRANSACTION (0.9ms)[0m  [1m[35mCOMMIT /*application='Lab06JuanCabelloVargas'*/[0m
  [1m[35m (0.1ms)[0m  [1m[34mSELECT pg_advisory_unlock(5782401454358075085) /*application='Lab06JuanCabelloVargas'*/[0m
  [1m[36mActiveRecord::SchemaMigration Load (0.1ms)[0m  [1m[34mSELECT "schema_migrations"."version" FROM "schema_migrations" ORDER BY "schema_migrations"."version" ASC /*application='Lab06JuanCabelloVargas'*/[0m
Started GET "/" for 127.0.0.1 at 2025-10-20 16:36:28 -0300
  
ArgumentError (wrong number of arguments (given 0, expected 1..2)):
  
app/models/user.rb:7:in '<class:User>'
app/models/user.rb:1:in '<main>'
config/routes.rb:2:in 'block in <main>'
config/routes.rb:1:in '<main>'
Started GET "/favicon.ico" for 127.0.0.1 at 2025-10-20 16:36:29 -0300
  [1m[36mActiveRecord::SchemaMigration Load (0.7ms)[0m  [1m[34mSELECT "schema_migrations"."version" FROM "schema_migrations" ORDER BY "schema_migrations"."version" ASC /*application='Lab06JuanCabelloVargas'*/[0m
  
ActionController::RoutingError (No route matches [GET] "/favicon.ico"):
  
Started PUT "/__web_console/repl_sessions/c494da100915df282b6ff548369b7a63" for 127.0.0.1 at 2025-10-20 16:37:45 -0300
Started PUT "/__web_console/repl_sessions/c494da100915df282b6ff548369b7a63" for 127.0.0.1 at 2025-10-20 16:37:46 -0300
Started PUT "/__web_console/repl_sessions/c494da100915df282b6ff548369b7a63" for 127.0.0.1 at 2025-10-20 16:37:48 -0300
Started PUT "/__web_console/repl_sessions/c494da100915df282b6ff548369b7a63" for 127.0.0.1 at 2025-10-20 16:38:05 -0300
Started PUT "/__web_console/repl_sessions/c494da100915df282b6ff548369b7a63" for 127.0.0.1 at 2025-10-20 16:38:06 -0300
Started PUT "/__web_console/repl_sessions/c494da100915df282b6ff548369b7a63" for 127.0.0.1 at 2025-10-20 16:38:06 -0300
Started PUT "/__web_console/repl_sessions/c494da100915df282b6ff548369b7a63" for 127.0.0.1 at 2025-10-20 16:39:34 -0300
Started PUT "/__web_console/repl_sessions/c494da100915df282b6ff548369b7a63" for 127.0.0.1 at 2025-10-20 16:39:35 -0300
Started PUT "/__web_console/repl_sessions/c494da100915df282b6ff548369b7a63" for 127.0.0.1 at 2025-10-20 16:39:36 -0300
Started PUT "/__web_console/repl_sessions/c494da100915df282b6ff548369b7a63" for 127.0.0.1 at 2025-10-20 16:39:37 -0300
Started PUT "/__web_console/repl_sessions/c494da100915df282b6ff548369b7a63" for 127.0.0.1 at 2025-10-20 16:39:37 -0300
Started PUT "/__web_console/repl_sessions/c494da100915df282b6ff548369b7a63" for 127.0.0.1 at 2025-10-20 16:40:18 -0300
Started PUT "/__web_console/repl_sessions/c494da100915df282b6ff548369b7a63" for 127.0.0.1 at 2025-10-20 16:40:19 -0300
Started PUT "/__web_console/repl_sessions/c494da100915df282b6ff548369b7a63" for 127.0.0.1 at 2025-10-20 16:40:20 -0300
Started GET "/" for 127.0.0.1 at 2025-10-20 16:40:23 -0300
  
NameError (uninitialized constant ApplicationController::AccessDenied):
  
app/controllers/application_controller.rb:5:in '<class:ApplicationController>'
app/controllers/application_controller.rb:1:in '<main>'
app/controllers/recipes_controller.rb:1:in '<main>'
Started GET "/" for 127.0.0.1 at 2025-10-20 16:41:28 -0300
Processing by RecipesController#index as HTML
Completed 500 Internal Server Error in 42ms (ActiveRecord: 0.0ms (0 queries, 0 cached) | GC: 1.4ms)


  
NameError (undefined local variable or method 'regular' for an instance of Ability):
  
app/models/ability.rb:7:in 'Ability#initialize'
app/controllers/recipes_controller.rb:11:in 'RecipesController#index'
Started GET "/" for 127.0.0.1 at 2025-10-20 16:42:24 -0300
Processing by RecipesController#index as HTML
Completed 500 Internal Server Error in 53ms (ActiveRecord: 6.2ms (0 queries, 0 cached) | GC: 11.7ms)


  
NoMethodError (undefined method 'admin?' for class User):
  
app/models/ability.rb:9:in 'Ability#initialize'
app/controllers/recipes_controller.rb:11:in 'RecipesController#index'
Started GET "/" for 127.0.0.1 at 2025-10-20 16:43:39 -0300
Processing by RecipesController#index as HTML
  Rendering layout layouts/application.html.erb
  Rendering recipes/index.html.erb within layouts/application
  [1m[36mRecipe Exists? (1.0ms)[0m  [1m[34mSELECT 1 AS one FROM "recipes" LIMIT 1 /*action='index',application='Lab06JuanCabelloVargas',controller='recipes'*/[0m
  ↳ app/views/recipes/index.html.erb:5
  [1m[36mRecipe Load (0.4ms)[0m  [1m[34mSELECT "recipes".* FROM "recipes" ORDER BY "recipes"."created_at" DESC /*action='index',application='Lab06JuanCabelloVargas',controller='recipes'*/[0m
  ↳ app/views/recipes/index.html.erb:7
  Rendered collection of recipes/_recipe.html.erb [1 times] (Duration: 2.7ms | GC: 0.0ms)
  Rendered recipes/index.html.erb within layouts/application (Duration: 24.5ms | GC: 1.8ms)
  Rendered layout layouts/application.html.erb (Duration: 44.4ms | GC: 4.1ms)
Completed 200 OK in 90ms (Views: 44.0ms | ActiveRecord: 5.7ms (2 queries, 0 cached) | GC: 8.0ms)


Started GET "/recipes/new" for 127.0.0.1 at 2025-10-20 16:43:42 -0300
Processing by RecipesController#new as HTML
Completed 401 Unauthorized in 9ms (ActiveRecord: 0.0ms (0 queries, 0 cached) | GC: 0.3ms)


Started GET "/users/sign_in" for 127.0.0.1 at 2025-10-20 16:43:42 -0300
Processing by Devise::SessionsController#new as HTML
  Rendering layout layouts/application.html.erb
  Rendering devise/sessions/new.html.erb within layouts/application
  Rendered devise/shared/_links.html.erb (Duration: 1.7ms | GC: 0.0ms)
  Rendered devise/sessions/new.html.erb within layouts/application (Duration: 6.5ms | GC: 0.0ms)
  Rendered layout layouts/application.html.erb (Duration: 9.3ms | GC: 0.0ms)
Completed 200 OK in 21ms (Views: 12.3ms | ActiveRecord: 0.0ms (0 queries, 0 cached) | GC: 1.1ms)


Started GET "/recipes/new" for 127.0.0.1 at 2025-10-20 16:43:43 -0300
Processing by RecipesController#new as HTML
Completed 401 Unauthorized in 7ms (ActiveRecord: 0.0ms (0 queries, 0 cached) | GC: 0.0ms)


Started GET "/users/sign_in" for 127.0.0.1 at 2025-10-20 16:43:43 -0300
Processing by Devise::SessionsController#new as HTML
  Rendering layout layouts/application.html.erb
  Rendering devise/sessions/new.html.erb within layouts/application
  Rendered devise/shared/_links.html.erb (Duration: 1.5ms | GC: 0.0ms)
  Rendered devise/sessions/new.html.erb within layouts/application (Duration: 3.1ms | GC: 0.0ms)
  Rendered layout layouts/application.html.erb (Duration: 5.4ms | GC: 0.7ms)
Completed 200 OK in 14ms (Views: 5.9ms | ActiveRecord: 0.0ms (0 queries, 0 cached) | GC: 0.7ms)


Started GET "/" for 127.0.0.1 at 2025-10-20 16:43:45 -0300
Processing by RecipesController#index as HTML
  Rendering layout layouts/application.html.erb
  Rendering recipes/index.html.erb within layouts/application
  [1m[36mRecipe Exists? (0.7ms)[0m  [1m[34mSELECT 1 AS one FROM "recipes" LIMIT 1 /*action='index',application='Lab06JuanCabelloVargas',controller='recipes'*/[0m
  ↳ app/views/recipes/index.html.erb:5
  [1m[36mRecipe Load (0.3ms)[0m  [1m[34mSELECT "recipes".* FROM "recipes" ORDER BY "recipes"."created_at" DESC /*action='index',application='Lab06JuanCabelloVargas',controller='recipes'*/[0m
  ↳ app/views/recipes/index.html.erb:7
  Rendered collection of recipes/_recipe.html.erb [1 times] (Duration: 1.8ms | GC: 0.0ms)
  Rendered recipes/index.html.erb within layouts/application (Duration: 10.5ms | GC: 0.0ms)
  Rendered layout layouts/application.html.erb (Duration: 19.8ms | GC: 0.0ms)
Completed 200 OK in 31ms (Views: 19.5ms | ActiveRecord: 0.6ms (2 queries, 0 cached) | GC: 0.0ms)


Started GET "/recipes/1" for 127.0.0.1 at 2025-10-20 16:43:46 -0300
Processing by RecipesController#show as HTML
  Parameters: {"id" => "1"}
  [1m[36mRecipe Load (0.6ms)[0m  [1m[34mSELECT "recipes".* FROM "recipes" WHERE "recipes"."id" = 1 LIMIT 1 /*action='show',application='Lab06JuanCabelloVargas',controller='recipes'*/[0m
  Rendering layout layouts/application.html.erb
  Rendering recipes/show.html.erb within layouts/application
  [1m[36mActionText::RichText Load (0.8ms)[0m  [1m[34mSELECT "action_text_rich_texts".* FROM "action_text_rich_texts" WHERE "action_text_rich_texts"."record_id" = 1 AND "action_text_rich_texts"."record_type" = 'Recipe' AND "action_text_rich_texts"."name" = 'content' LIMIT 1 /*action='show',application='Lab06JuanCabelloVargas',controller='recipes'*/[0m
  ↳ app/views/recipes/show.html.erb:12
  Rendered /home/nuaj/.rbenv/versions/3.4.5/lib/ruby/gems/3.4.0/gems/actiontext-8.0.3/app/views/action_text/contents/_content.html.erb within layouts/action_text/contents/_content (Duration: 2.1ms | GC: 0.0ms)
  Rendered recipes/show.html.erb within layouts/application (Duration: 84.5ms | GC: 2.4ms)
  Rendered layout layouts/application.html.erb (Duration: 86.3ms | GC: 2.4ms)
Completed 200 OK in 104ms (Views: 83.7ms | ActiveRecord: 3.6ms (2 queries, 0 cached) | GC: 2.4ms)


Started GET "/recipes/1" for 127.0.0.1 at 2025-10-20 16:43:48 -0300
Processing by RecipesController#show as HTML
  Parameters: {"id" => "1"}
  [1m[36mRecipe Load (0.3ms)[0m  [1m[34mSELECT "recipes".* FROM "recipes" WHERE "recipes"."id" = 1 LIMIT 1 /*action='show',application='Lab06JuanCabelloVargas',controller='recipes'*/[0m
  Rendering layout layouts/application.html.erb
  Rendering recipes/show.html.erb within layouts/application
  [1m[36mActionText::RichText Load (0.3ms)[0m  [1m[34mSELECT "action_text_rich_texts".* FROM "action_text_rich_texts" WHERE "action_text_rich_texts"."record_id" = 1 AND "action_text_rich_texts"."record_type" = 'Recipe' AND "action_text_rich_texts"."name" = 'content' LIMIT 1 /*action='show',application='Lab06JuanCabelloVargas',controller='recipes'*/[0m
  ↳ app/views/recipes/show.html.erb:12
  Rendered /home/nuaj/.rbenv/versions/3.4.5/lib/ruby/gems/3.4.0/gems/actiontext-8.0.3/app/views/action_text/contents/_content.html.erb within layouts/action_text/contents/_content (Duration: 1.9ms | GC: 0.0ms)
  Rendered recipes/show.html.erb within layouts/application (Duration: 6.8ms | GC: 0.0ms)
  Rendered layout layouts/application.html.erb (Duration: 7.2ms | GC: 0.0ms)
Completed 200 OK in 23ms (Views: 7.8ms | ActiveRecord: 0.7ms (2 queries, 0 cached) | GC: 0.0ms)


Started GET "/recipes/1/edit" for 127.0.0.1 at 2025-10-20 16:43:48 -0300
Processing by RecipesController#edit as HTML
  Parameters: {"id" => "1"}
Completed 401 Unauthorized in 6ms (ActiveRecord: 0.0ms (0 queries, 0 cached) | GC: 0.0ms)


Started GET "/users/sign_in" for 127.0.0.1 at 2025-10-20 16:43:48 -0300
Processing by Devise::SessionsController#new as HTML
  Rendering layout layouts/application.html.erb
  Rendering devise/sessions/new.html.erb within layouts/application
  Rendered devise/shared/_links.html.erb (Duration: 0.5ms | GC: 0.0ms)
  Rendered devise/sessions/new.html.erb within layouts/application (Duration: 4.2ms | GC: 0.0ms)
  Rendered layout layouts/application.html.erb (Duration: 5.3ms | GC: 0.0ms)
Completed 200 OK in 12ms (Views: 5.6ms | ActiveRecord: 0.0ms (0 queries, 0 cached) | GC: 0.0ms)


Started GET "/" for 127.0.0.1 at 2025-10-20 16:43:53 -0300
Processing by RecipesController#index as HTML
  Rendering layout layouts/application.html.erb
  Rendering recipes/index.html.erb within layouts/application
  [1m[36mRecipe Exists? (0.4ms)[0m  [1m[34mSELECT 1 AS one FROM "recipes" LIMIT 1 /*action='index',application='Lab06JuanCabelloVargas',controller='recipes'*/[0m
  ↳ app/views/recipes/index.html.erb:5
  [1m[36mRecipe Load (0.2ms)[0m  [1m[34mSELECT "recipes".* FROM "recipes" ORDER BY "recipes"."created_at" DESC /*action='index',application='Lab06JuanCabelloVargas',controller='recipes'*/[0m
  ↳ app/views/recipes/index.html.erb:7
  Rendered collection of recipes/_recipe.html.erb [1 times] (Duration: 0.2ms | GC: 0.0ms)
  Rendered recipes/index.html.erb within layouts/application (Duration: 7.3ms | GC: 0.0ms)
  Rendered layout layouts/application.html.erb (Duration: 7.9ms | GC: 0.0ms)
Completed 200 OK in 19ms (Views: 8.5ms | ActiveRecord: 0.5ms (2 queries, 0 cached) | GC: 0.0ms)


Started GET "/" for 127.0.0.1 at 2025-10-20 16:50:03 -0300
Processing by RecipesController#index as HTML
  Rendering layout layouts/application.html.erb
  Rendering recipes/index.html.erb within layouts/application
  [1m[36mRecipe Exists? (0.6ms)[0m  [1m[34mSELECT 1 AS one FROM "recipes" LIMIT 1 /*action='index',application='Lab06JuanCabelloVargas',controller='recipes'*/[0m
  ↳ app/views/recipes/index.html.erb:5
  [1m[36mRecipe Load (0.4ms)[0m  [1m[34mSELECT "recipes".* FROM "recipes" ORDER BY "recipes"."created_at" DESC /*action='index',application='Lab06JuanCabelloVargas',controller='recipes'*/[0m
  ↳ app/views/recipes/index.html.erb:7
  Rendered collection of recipes/_recipe.html.erb [1 times] (Duration: 1.5ms | GC: 0.0ms)
  Rendered recipes/index.html.erb within layouts/application (Duration: 14.9ms | GC: 0.7ms)
  Rendered layout layouts/application.html.erb (Duration: 17.0ms | GC: 0.7ms)
Completed 200 OK in 66ms (Views: 17.5ms | ActiveRecord: 4.9ms (2 queries, 0 cached) | GC: 2.7ms)


Started GET "/" for 127.0.0.1 at 2025-10-20 16:50:04 -0300
Processing by RecipesController#index as HTML
  Rendering layout layouts/application.html.erb
  Rendering recipes/index.html.erb within layouts/application
  [1m[36mRecipe Exists? (0.4ms)[0m  [1m[34mSELECT 1 AS one FROM "recipes" LIMIT 1 /*action='index',application='Lab06JuanCabelloVargas',controller='recipes'*/[0m
  ↳ app/views/recipes/index.html.erb:5
  [1m[36mRecipe Load (0.2ms)[0m  [1m[34mSELECT "recipes".* FROM "recipes" ORDER BY "recipes"."created_at" DESC /*action='index',application='Lab06JuanCabelloVargas',controller='recipes'*/[0m
  ↳ app/views/recipes/index.html.erb:7
  Rendered collection of recipes/_recipe.html.erb [1 times] (Duration: 1.1ms | GC: 0.0ms)
  Rendered recipes/index.html.erb within layouts/application (Duration: 4.4ms | GC: 0.0ms)
  Rendered layout layouts/application.html.erb (Duration: 12.4ms | GC: 0.0ms)
Completed 200 OK in 23ms (Views: 12.3ms | ActiveRecord: 0.5ms (2 queries, 0 cached) | GC: 0.7ms)


Started GET "/users/sign_in" for 127.0.0.1 at 2025-10-20 16:50:06 -0300
Processing by Devise::SessionsController#new as HTML
  Rendering layout layouts/application.html.erb
  Rendering devise/sessions/new.html.erb within layouts/application
  Rendered devise/shared/_links.html.erb (Duration: 1.5ms | GC: 0.0ms)
  Rendered devise/sessions/new.html.erb within layouts/application (Duration: 5.7ms | GC: 0.6ms)
  Rendered layout layouts/application.html.erb (Duration: 10.1ms | GC: 0.6ms)
Completed 200 OK in 19ms (Views: 12.1ms | ActiveRecord: 0.0ms (0 queries, 0 cached) | GC: 0.6ms)


Started GET "/recipes/new" for 127.0.0.1 at 2025-10-20 16:50:08 -0300
Processing by RecipesController#new as HTML
Completed 401 Unauthorized in 5ms (ActiveRecord: 0.0ms (0 queries, 0 cached) | GC: 0.0ms)


Started GET "/users/sign_in" for 127.0.0.1 at 2025-10-20 16:50:08 -0300
Processing by Devise::SessionsController#new as HTML
  Rendering layout layouts/application.html.erb
  Rendering devise/sessions/new.html.erb within layouts/application
  Rendered devise/shared/_links.html.erb (Duration: 0.1ms | GC: 0.0ms)
  Rendered devise/sessions/new.html.erb within layouts/application (Duration: 5.5ms | GC: 0.0ms)
  Rendered layout layouts/application.html.erb (Duration: 6.3ms | GC: 0.0ms)
Completed 200 OK in 14ms (Views: 6.8ms | ActiveRecord: 0.0ms (0 queries, 0 cached) | GC: 0.5ms)


Started GET "/" for 127.0.0.1 at 2025-10-20 16:51:29 -0300
Processing by RecipesController#index as HTML
  Rendering layout layouts/application.html.erb
  Rendering recipes/index.html.erb within layouts/application
  [1m[36mRecipe Exists? (0.3ms)[0m  [1m[34mSELECT 1 AS one FROM "recipes" LIMIT 1 /*action='index',application='Lab06JuanCabelloVargas',controller='recipes'*/[0m
  ↳ app/views/recipes/index.html.erb:5
  [1m[36mRecipe Load (0.3ms)[0m  [1m[34mSELECT "recipes".* FROM "recipes" ORDER BY "recipes"."created_at" DESC /*action='index',application='Lab06JuanCabelloVargas',controller='recipes'*/[0m
  ↳ app/views/recipes/index.html.erb:7
  Rendered collection of recipes/_recipe.html.erb [1 times] (Duration: 1.1ms | GC: 0.0ms)
  Rendered recipes/index.html.erb within layouts/application (Duration: 12.1ms | GC: 0.0ms)
  Rendered layout layouts/application.html.erb (Duration: 14.1ms | GC: 0.0ms)
Completed 200 OK in 43ms (Views: 14.5ms | ActiveRecord: 6.3ms (2 queries, 0 cached) | GC: 0.0ms)


Started GET "/users/sign_up" for 127.0.0.1 at 2025-10-20 16:51:31 -0300
Processing by Devise::RegistrationsController#new as HTML
  Rendering layout layouts/application.html.erb
  Rendering devise/registrations/new.html.erb within layouts/application
  Rendered devise/shared/_links.html.erb (Duration: 1.2ms | GC: 0.0ms)
  Rendered devise/registrations/new.html.erb within layouts/application (Duration: 4.2ms | GC: 0.0ms)
  Rendered layout layouts/application.html.erb (Duration: 6.9ms | GC: 0.0ms)
Completed 200 OK in 16ms (Views: 8.5ms | ActiveRecord: 0.0ms (0 queries, 0 cached) | GC: 0.0ms)


Started GET "/users/sign_in" for 127.0.0.1 at 2025-10-20 16:51:32 -0300
Processing by Devise::SessionsController#new as HTML
  Rendering layout layouts/application.html.erb
  Rendering devise/sessions/new.html.erb within layouts/application
  Rendered devise/shared/_links.html.erb (Duration: 0.3ms | GC: 0.0ms)
  Rendered devise/sessions/new.html.erb within layouts/application (Duration: 5.6ms | GC: 0.0ms)
  Rendered layout layouts/application.html.erb (Duration: 7.5ms | GC: 0.0ms)
Completed 200 OK in 14ms (Views: 8.2ms | ActiveRecord: 0.0ms (0 queries, 0 cached) | GC: 0.0ms)


  [1m[36mActiveRecord::SchemaMigration Load (0.3ms)[0m  [1m[34mSELECT "schema_migrations"."version" FROM "schema_migrations" ORDER BY "schema_migrations"."version" ASC /*application='Lab06JuanCabelloVargas'*/[0m
  [1m[36mActiveRecord::InternalMetadata Load (0.4ms)[0m  [1m[34mSELECT * FROM "ar_internal_metadata" WHERE "ar_internal_metadata"."key" = 'environment' ORDER BY "ar_internal_metadata"."key" ASC LIMIT 1 /*application='Lab06JuanCabelloVargas'*/[0m
  [1m[36mActiveRecord::SchemaMigration Load (0.3ms)[0m  [1m[34mSELECT "schema_migrations"."version" FROM "schema_migrations" ORDER BY "schema_migrations"."version" ASC /*application='Lab06JuanCabelloVargas'*/[0m
  [1m[36mActiveRecord::InternalMetadata Load (0.2ms)[0m  [1m[34mSELECT * FROM "ar_internal_metadata" WHERE "ar_internal_metadata"."key" = 'environment' ORDER BY "ar_internal_metadata"."key" ASC LIMIT 1 /*application='Lab06JuanCabelloVargas'*/[0m
  [1m[36mActiveRecord::SchemaMigration Load (0.3ms)[0m  [1m[34mSELECT "schema_migrations"."version" FROM "schema_migrations" ORDER BY "schema_migrations"."version" ASC /*application='Lab06JuanCabelloVargas'*/[0m
  [1m[36mActiveRecord::InternalMetadata Load (0.2ms)[0m  [1m[34mSELECT * FROM "ar_internal_metadata" WHERE "ar_internal_metadata"."key" = 'environment' ORDER BY "ar_internal_metadata"."key" ASC LIMIT 1 /*application='Lab06JuanCabelloVargas'*/[0m
  [1m[35mSQL (0.1ms)[0m  [1m[35mSET search_path TO public /*application='Lab06JuanCabelloVargas'*/[0m
  [1m[35m (48.3ms)[0m  [1m[35mDROP DATABASE IF EXISTS "lab_06_juan_cabello_vargas_development" /*application='Lab06JuanCabelloVargas'*/[0m
  [1m[35mSQL (1.8ms)[0m  [1m[35mSET search_path TO public /*application='Lab06JuanCabelloVargas'*/[0m
  [1m[35m (39.9ms)[0m  [1m[35mDROP DATABASE IF EXISTS "lab_06_juan_cabello_vargas_test" /*application='Lab06JuanCabelloVargas'*/[0m
  [1m[35mSQL (0.1ms)[0m  [1m[35mSET search_path TO public /*application='Lab06JuanCabelloVargas'*/[0m
  [1m[35m (67.9ms)[0m  [1m[35mCREATE DATABASE "lab_06_juan_cabello_vargas_development" ENCODING = 'unicode' /*application='Lab06JuanCabelloVargas'*/[0m
  [1m[35mSQL (0.2ms)[0m  [1m[35mSET search_path TO public /*application='Lab06JuanCabelloVargas'*/[0m
  [1m[35m (33.6ms)[0m  [1m[35mCREATE DATABASE "lab_06_juan_cabello_vargas_test" ENCODING = 'unicode' /*application='Lab06JuanCabelloVargas'*/[0m
  [1m[35mSQL (17.1ms)[0m  [1m[35mCREATE EXTENSION IF NOT EXISTS "plpgsql" SCHEMA pg_catalog /*application='Lab06JuanCabelloVargas'*/[0m
  [1m[35m (0.2ms)[0m  [1m[35mDROP TABLE IF EXISTS "action_text_rich_texts" CASCADE /*application='Lab06JuanCabelloVargas'*/[0m
  [1m[35m (3.4ms)[0m  [1m[35mCREATE TABLE "action_text_rich_texts" ("id" bigserial primary key, "name" character varying NOT NULL, "body" text, "record_type" character varying NOT NULL, "record_id" bigint NOT NULL, "created_at" timestamp(6) NOT NULL, "updated_at" timestamp(6) NOT NULL) /*application='Lab06JuanCabelloVargas'*/[0m
  [1m[35m (1.3ms)[0m  [1m[35mCREATE UNIQUE INDEX "index_action_text_rich_texts_uniqueness" ON "action_text_rich_texts" ("record_type", "record_id", "name") /*application='Lab06JuanCabelloVargas'*/[0m
  [1m[35m (0.2ms)[0m  [1m[35mDROP TABLE IF EXISTS "active_storage_attachments" CASCADE /*application='Lab06JuanCabelloVargas'*/[0m
  [1m[35m (1.9ms)[0m  [1m[35mCREATE TABLE "active_storage_attachments" ("id" bigserial primary key, "name" character varying NOT NULL, "record_type" character varying NOT NULL, "record_id" bigint NOT NULL, "blob_id" bigint NOT NULL, "created_at" timestamp(6) NOT NULL) /*application='Lab06JuanCabelloVargas'*/[0m
  [1m[35m (0.9ms)[0m  [1m[35mCREATE INDEX "index_active_storage_attachments_on_blob_id" ON "active_storage_attachments" ("blob_id") /*application='Lab06JuanCabelloVargas'*/[0m
  [1m[35m (0.8ms)[0m  [1m[35mCREATE UNIQUE INDEX "index_active_storage_attachments_uniqueness" ON "active_storage_attachments" ("record_type", "record_id", "name", "blob_id") /*application='Lab06JuanCabelloVargas'*/[0m
  [1m[35m (0.1ms)[0m  [1m[35mDROP TABLE IF EXISTS "active_storage_blobs" CASCADE /*application='Lab06JuanCabelloVargas'*/[0m
  [1m[35m (1.3ms)[0m  [1m[35mCREATE TABLE "active_storage_blobs" ("id" bigserial primary key, "key" character varying NOT NULL, "filename" character varying NOT NULL, "content_type" character varying, "metadata" text, "service_name" character varying NOT NULL, "byte_size" bigint NOT NULL, "checksum" character varying, "created_at" timestamp(6) NOT NULL) /*application='Lab06JuanCabelloVargas'*/[0m
  [1m[35m (0.8ms)[0m  [1m[35mCREATE UNIQUE INDEX "index_active_storage_blobs_on_key" ON "active_storage_blobs" ("key") /*application='Lab06JuanCabelloVargas'*/[0m
  [1m[35m (0.1ms)[0m  [1m[35mDROP TABLE IF EXISTS "active_storage_variant_records" CASCADE /*application='Lab06JuanCabelloVargas'*/[0m
  [1m[35m (1.2ms)[0m  [1m[35mCREATE TABLE "active_storage_variant_records" ("id" bigserial primary key, "blob_id" bigint NOT NULL, "variation_digest" character varying NOT NULL) /*application='Lab06JuanCabelloVargas'*/[0m
  [1m[35m (1.0ms)[0m  [1m[35mCREATE UNIQUE INDEX "index_active_storage_variant_records_uniqueness" ON "active_storage_variant_records" ("blob_id", "variation_digest") /*application='Lab06JuanCabelloVargas'*/[0m
  [1m[35m (0.2ms)[0m  [1m[35mDROP TABLE IF EXISTS "recipes" CASCADE /*application='Lab06JuanCabelloVargas'*/[0m
  [1m[35m (1.3ms)[0m  [1m[35mCREATE TABLE "recipes" ("id" bigserial primary key, "title" character varying NOT NULL, "cook_time" integer NOT NULL, "difficulty" character varying NOT NULL, "instructions" text, "created_at" timestamp(6) NOT NULL, "updated_at" timestamp(6) NOT NULL, "user_id" bigint NOT NULL) /*application='Lab06JuanCabelloVargas'*/[0m
  [1m[35m (0.8ms)[0m  [1m[35mCREATE INDEX "index_recipes_on_user_id" ON "recipes" ("user_id") /*application='Lab06JuanCabelloVargas'*/[0m
  [1m[35m (0.2ms)[0m  [1m[35mDROP TABLE IF EXISTS "users" CASCADE /*application='Lab06JuanCabelloVargas'*/[0m
  [1m[35m (1.3ms)[0m  [1m[35mCREATE TABLE "users" ("id" bigserial primary key, "email" character varying DEFAULT '' NOT NULL, "encrypted_password" character varying DEFAULT '' NOT NULL, "reset_password_token" character varying, "reset_password_sent_at" timestamp(6), "remember_created_at" timestamp(6), "created_at" timestamp(6) NOT NULL, "updated_at" timestamp(6) NOT NULL, "role" integer DEFAULT 0 NOT NULL) /*application='Lab06JuanCabelloVargas'*/[0m
  [1m[35m (1.0ms)[0m  [1m[35mCREATE UNIQUE INDEX "index_users_on_email" ON "users" ("email") /*application='Lab06JuanCabelloVargas'*/[0m
  [1m[35m (1.1ms)[0m  [1m[35mCREATE UNIQUE INDEX "index_users_on_reset_password_token" ON "users" ("reset_password_token") /*application='Lab06JuanCabelloVargas'*/[0m
  [1m[35m (0.9ms)[0m  [1m[35mCREATE INDEX "index_users_on_role" ON "users" ("role") /*application='Lab06JuanCabelloVargas'*/[0m
  [1m[35m (2.0ms)[0m  [1m[35mALTER TABLE "active_storage_attachments" ADD CONSTRAINT "fk_rails_c3b3935057"
FOREIGN KEY ("blob_id")
  REFERENCES "active_storage_blobs" ("id")
 /*application='Lab06JuanCabelloVargas'*/[0m
  [1m[35m (1.3ms)[0m  [1m[35mALTER TABLE "active_storage_variant_records" ADD CONSTRAINT "fk_rails_993965df05"
FOREIGN KEY ("blob_id")
  REFERENCES "active_storage_blobs" ("id")
 /*application='Lab06JuanCabelloVargas'*/[0m
  [1m[35m (1.8ms)[0m  [1m[35mALTER TABLE "recipes" ADD CONSTRAINT "fk_rails_9606fce865"
FOREIGN KEY ("user_id")
  REFERENCES "users" ("id")
 /*application='Lab06JuanCabelloVargas'*/[0m
  [1m[35m (1.7ms)[0m  [1m[35mCREATE TABLE "schema_migrations" ("version" character varying NOT NULL PRIMARY KEY) /*application='Lab06JuanCabelloVargas'*/[0m
  [1m[36mActiveRecord::SchemaMigration Load (0.5ms)[0m  [1m[34mSELECT "schema_migrations"."version" FROM "schema_migrations" ORDER BY "schema_migrations"."version" ASC /*application='Lab06JuanCabelloVargas'*/[0m
  [1m[35m (0.8ms)[0m  [1m[32mINSERT INTO "schema_migrations" (version) VALUES (20251020192400) /*application='Lab06JuanCabelloVargas'*/[0m
  [1m[35m (0.8ms)[0m  [1m[32mINSERT INTO "schema_migrations" (version) VALUES
(20251013214619),
(20251013214434),
(20251013213358),
(20251002205132),
(20251002205131),
(20251002195257); /*application='Lab06JuanCabelloVargas'*/[0m
  [1m[35m (1.9ms)[0m  [1m[35mCREATE TABLE "ar_internal_metadata" ("key" character varying NOT NULL PRIMARY KEY, "value" character varying, "created_at" timestamp(6) NOT NULL, "updated_at" timestamp(6) NOT NULL) /*application='Lab06JuanCabelloVargas'*/[0m
  [1m[36mActiveRecord::InternalMetadata Load (0.7ms)[0m  [1m[34mSELECT * FROM "ar_internal_metadata" WHERE "ar_internal_metadata"."key" = 'environment' ORDER BY "ar_internal_metadata"."key" ASC LIMIT 1 /*application='Lab06JuanCabelloVargas'*/[0m
  [1m[36mActiveRecord::InternalMetadata Create (0.9ms)[0m  [1m[32mINSERT INTO "ar_internal_metadata" ("key", "value", "created_at", "updated_at") VALUES ('environment', 'development', '2025-10-20 19:54:41.548358', '2025-10-20 19:54:41.548362') RETURNING "key" /*application='Lab06JuanCabelloVargas'*/[0m
  [1m[36mActiveRecord::InternalMetadata Load (0.2ms)[0m  [1m[34mSELECT * FROM "ar_internal_metadata" WHERE "ar_internal_metadata"."key" = 'environment' ORDER BY "ar_internal_metadata"."key" ASC LIMIT 1 /*application='Lab06JuanCabelloVargas'*/[0m
  [1m[36mActiveRecord::InternalMetadata Load (0.2ms)[0m  [1m[34mSELECT * FROM "ar_internal_metadata" WHERE "ar_internal_metadata"."key" = 'schema_sha1' ORDER BY "ar_internal_metadata"."key" ASC LIMIT 1 /*application='Lab06JuanCabelloVargas'*/[0m
  [1m[36mActiveRecord::InternalMetadata Create (0.7ms)[0m  [1m[32mINSERT INTO "ar_internal_metadata" ("key", "value", "created_at", "updated_at") VALUES ('schema_sha1', '31b3430ebf92ffdf09049d51dc8ad9049a6ba3f5', '2025-10-20 19:54:41.556910', '2025-10-20 19:54:41.556911') RETURNING "key" /*application='Lab06JuanCabelloVargas'*/[0m
  [1m[35mSQL (6.5ms)[0m  [1m[35mCREATE EXTENSION IF NOT EXISTS "plpgsql" SCHEMA pg_catalog /*application='Lab06JuanCabelloVargas'*/[0m
  [1m[35m (0.0ms)[0m  [1m[35mDROP TABLE IF EXISTS "action_text_rich_texts" CASCADE /*application='Lab06JuanCabelloVargas'*/[0m
  [1m[35m (1.8ms)[0m  [1m[35mCREATE TABLE "action_text_rich_texts" ("id" bigserial primary key, "name" character varying NOT NULL, "body" text, "record_type" character varying NOT NULL, "record_id" bigint NOT NULL, "created_at" timestamp(6) NOT NULL, "updated_at" timestamp(6) NOT NULL) /*application='Lab06JuanCabelloVargas'*/[0m
  [1m[35m (0.8ms)[0m  [1m[35mCREATE UNIQUE INDEX "index_action_text_rich_texts_uniqueness" ON "action_text_rich_texts" ("record_type", "record_id", "name") /*application='Lab06JuanCabelloVargas'*/[0m
  [1m[35m (0.0ms)[0m  [1m[35mDROP TABLE IF EXISTS "active_storage_attachments" CASCADE /*application='Lab06JuanCabelloVargas'*/[0m
  [1m[35m (1.2ms)[0m  [1m[35mCREATE TABLE "active_storage_attachments" ("id" bigserial primary key, "name" character varying NOT NULL, "record_type" character varying NOT NULL, "record_id" bigint NOT NULL, "blob_id" bigint NOT NULL, "created_at" timestamp(6) NOT NULL) /*application='Lab06JuanCabelloVargas'*/[0m
  [1m[35m (0.7ms)[0m  [1m[35mCREATE INDEX "index_active_storage_attachments_on_blob_id" ON "active_storage_attachments" ("blob_id") /*application='Lab06JuanCabelloVargas'*/[0m
  [1m[35m (0.7ms)[0m  [1m[35mCREATE UNIQUE INDEX "index_active_storage_attachments_uniqueness" ON "active_storage_attachments" ("record_type", "record_id", "name", "blob_id") /*application='Lab06JuanCabelloVargas'*/[0m
  [1m[35m (0.1ms)[0m  [1m[35mDROP TABLE IF EXISTS "active_storage_blobs" CASCADE /*application='Lab06JuanCabelloVargas'*/[0m
  [1m[35m (1.2ms)[0m  [1m[35mCREATE TABLE "active_storage_blobs" ("id" bigserial primary key, "key" character varying NOT NULL, "filename" character varying NOT NULL, "content_type" character varying, "metadata" text, "service_name" character varying NOT NULL, "byte_size" bigint NOT NULL, "checksum" character varying, "created_at" timestamp(6) NOT NULL) /*application='Lab06JuanCabelloVargas'*/[0m
  [1m[35m (0.7ms)[0m  [1m[35mCREATE UNIQUE INDEX "index_active_storage_blobs_on_key" ON "active_storage_blobs" ("key") /*application='Lab06JuanCabelloVargas'*/[0m
  [1m[35m (0.1ms)[0m  [1m[35mDROP TABLE IF EXISTS "active_storage_variant_records" CASCADE /*application='Lab06JuanCabelloVargas'*/[0m
  [1m[35m (1.4ms)[0m  [1m[35mCREATE TABLE "active_storage_variant_records" ("id" bigserial primary key, "blob_id" bigint NOT NULL, "variation_digest" character varying NOT NULL) /*application='Lab06JuanCabelloVargas'*/[0m
  [1m[35m (0.8ms)[0m  [1m[35mCREATE UNIQUE INDEX "index_active_storage_variant_records_uniqueness" ON "active_storage_variant_records" ("blob_id", "variation_digest") /*application='Lab06JuanCabelloVargas'*/[0m
  [1m[35m (0.1ms)[0m  [1m[35mDROP TABLE IF EXISTS "recipes" CASCADE /*application='Lab06JuanCabelloVargas'*/[0m
  [1m[35m (1.3ms)[0m  [1m[35mCREATE TABLE "recipes" ("id" bigserial primary key, "title" character varying NOT NULL, "cook_time" integer NOT NULL, "difficulty" character varying NOT NULL, "instructions" text, "created_at" timestamp(6) NOT NULL, "updated_at" timestamp(6) NOT NULL, "user_id" bigint NOT NULL) /*application='Lab06JuanCabelloVargas'*/[0m
  [1m[35m (0.8ms)[0m  [1m[35mCREATE INDEX "index_recipes_on_user_id" ON "recipes" ("user_id") /*application='Lab06JuanCabelloVargas'*/[0m
  [1m[35m (0.1ms)[0m  [1m[35mDROP TABLE IF EXISTS "users" CASCADE /*application='Lab06JuanCabelloVargas'*/[0m
  [1m[35m (1.3ms)[0m  [1m[35mCREATE TABLE "users" ("id" bigserial primary key, "email" character varying DEFAULT '' NOT NULL, "encrypted_password" character varying DEFAULT '' NOT NULL, "reset_password_token" character varying, "reset_password_sent_at" timestamp(6), "remember_created_at" timestamp(6), "created_at" timestamp(6) NOT NULL, "updated_at" timestamp(6) NOT NULL, "role" integer DEFAULT 0 NOT NULL) /*application='Lab06JuanCabelloVargas'*/[0m
  [1m[35m (0.7ms)[0m  [1m[35mCREATE UNIQUE INDEX "index_users_on_email" ON "users" ("email") /*application='Lab06JuanCabelloVargas'*/[0m
  [1m[35m (0.7ms)[0m  [1m[35mCREATE UNIQUE INDEX "index_users_on_reset_password_token" ON "users" ("reset_password_token") /*application='Lab06JuanCabelloVargas'*/[0m
  [1m[35m (0.6ms)[0m  [1m[35mCREATE INDEX "index_users_on_role" ON "users" ("role") /*application='Lab06JuanCabelloVargas'*/[0m
  [1m[35m (1.4ms)[0m  [1m[35mALTER TABLE "active_storage_attachments" ADD CONSTRAINT "fk_rails_c3b3935057"
FOREIGN KEY ("blob_id")
  REFERENCES "active_storage_blobs" ("id")
 /*application='Lab06JuanCabelloVargas'*/[0m
  [1m[35m (0.9ms)[0m  [1m[35mALTER TABLE "active_storage_variant_records" ADD CONSTRAINT "fk_rails_993965df05"
FOREIGN KEY ("blob_id")
  REFERENCES "active_storage_blobs" ("id")
 /*application='Lab06JuanCabelloVargas'*/[0m
  [1m[35m (1.1ms)[0m  [1m[35mALTER TABLE "recipes" ADD CONSTRAINT "fk_rails_9606fce865"
FOREIGN KEY ("user_id")
  REFERENCES "users" ("id")
 /*application='Lab06JuanCabelloVargas'*/[0m
  [1m[35m (1.1ms)[0m  [1m[35mCREATE TABLE "schema_migrations" ("version" character varying NOT NULL PRIMARY KEY) /*application='Lab06JuanCabelloVargas'*/[0m
  [1m[36mActiveRecord::SchemaMigration Load (0.2ms)[0m  [1m[34mSELECT "schema_migrations"."version" FROM "schema_migrations" ORDER BY "schema_migrations"."version" ASC /*application='Lab06JuanCabelloVargas'*/[0m
  [1m[35m (0.6ms)[0m  [1m[32mINSERT INTO "schema_migrations" (version) VALUES (20251020192400) /*application='Lab06JuanCabelloVargas'*/[0m
  [1m[35m (0.6ms)[0m  [1m[32mINSERT INTO "schema_migrations" (version) VALUES
(20251013214619),
(20251013214434),
(20251013213358),
(20251002205132),
(20251002205131),
(20251002195257); /*application='Lab06JuanCabelloVargas'*/[0m
  [1m[35m (0.9ms)[0m  [1m[35mCREATE TABLE "ar_internal_metadata" ("key" character varying NOT NULL PRIMARY KEY, "value" character varying, "created_at" timestamp(6) NOT NULL, "updated_at" timestamp(6) NOT NULL) /*application='Lab06JuanCabelloVargas'*/[0m
  [1m[36mActiveRecord::InternalMetadata Load (0.3ms)[0m  [1m[34mSELECT * FROM "ar_internal_metadata" WHERE "ar_internal_metadata"."key" = 'environment' ORDER BY "ar_internal_metadata"."key" ASC LIMIT 1 /*application='Lab06JuanCabelloVargas'*/[0m
  [1m[36mActiveRecord::InternalMetadata Create (0.5ms)[0m  [1m[32mINSERT INTO "ar_internal_metadata" ("key", "value", "created_at", "updated_at") VALUES ('environment', 'development', '2025-10-20 19:54:41.628945', '2025-10-20 19:54:41.628948') RETURNING "key" /*application='Lab06JuanCabelloVargas'*/[0m
  [1m[36mActiveRecord::InternalMetadata Load (0.1ms)[0m  [1m[34mSELECT * FROM "ar_internal_metadata" WHERE "ar_internal_metadata"."key" = 'environment' ORDER BY "ar_internal_metadata"."key" ASC LIMIT 1 /*application='Lab06JuanCabelloVargas'*/[0m
  [1m[36mActiveRecord::InternalMetadata Update (0.6ms)[0m  [1m[33mUPDATE "ar_internal_metadata" SET "value" = 'test', "updated_at" = '2025-10-20 19:54:41.630849' WHERE "ar_internal_metadata"."key" = 'environment' /*application='Lab06JuanCabelloVargas'*/[0m
  [1m[36mActiveRecord::InternalMetadata Load (0.1ms)[0m  [1m[34mSELECT * FROM "ar_internal_metadata" WHERE "ar_internal_metadata"."key" = 'schema_sha1' ORDER BY "ar_internal_metadata"."key" ASC LIMIT 1 /*application='Lab06JuanCabelloVargas'*/[0m
  [1m[36mActiveRecord::InternalMetadata Create (0.5ms)[0m  [1m[32mINSERT INTO "ar_internal_metadata" ("key", "value", "created_at", "updated_at") VALUES ('schema_sha1', '31b3430ebf92ffdf09049d51dc8ad9049a6ba3f5', '2025-10-20 19:54:41.632503', '2025-10-20 19:54:41.632504') RETURNING "key" /*application='Lab06JuanCabelloVargas'*/[0m
  [1m[36mActiveRecord::SchemaMigration Load (0.6ms)[0m  [1m[34mSELECT "schema_migrations"."version" FROM "schema_migrations" ORDER BY "schema_migrations"."version" ASC /*application='Lab06JuanCabelloVargas'*/[0m
  [1m[36mRecipe Load (0.7ms)[0m  [1m[34mSELECT "recipes".* FROM "recipes" /*application='Lab06JuanCabelloVargas'*/[0m
  [1m[36mUser Load (0.5ms)[0m  [1m[34mSELECT "users".* FROM "users" /*application='Lab06JuanCabelloVargas'*/[0m
  [1m[36mTRANSACTION (0.2ms)[0m  [1m[35mBEGIN /*application='Lab06JuanCabelloVargas'*/[0m
  [1m[36mUser Exists? (1.9ms)[0m  [1m[34mSELECT 1 AS one FROM "users" WHERE "users"."email" = 'admin@rorcipes.com' LIMIT 1 /*application='Lab06JuanCabelloVargas'*/[0m
  [1m[36mUser Create (0.4ms)[0m  [1m[32mINSERT INTO "users" ("email", "encrypted_password", "reset_password_token", "reset_password_sent_at", "remember_created_at", "created_at", "updated_at", "role") VALUES ('admin@rorcipes.com', '$2a$12$P2CsLZh08skGkuobb0vrrO20OAqvwbV28qXLK5/wbKPRkRFgtaSqG', NULL, NULL, NULL, '2025-10-20 19:54:41.934810', '2025-10-20 19:54:41.934810', 1) RETURNING "id" /*application='Lab06JuanCabelloVargas'*/[0m
  [1m[36mTRANSACTION (3.4ms)[0m  [1m[35mCOMMIT /*application='Lab06JuanCabelloVargas'*/[0m
Started GET "/users/sign_in" for 127.0.0.1 at 2025-10-20 16:54:53 -0300
  [1m[36mActiveRecord::SchemaMigration Load (0.5ms)[0m  [1m[34mSELECT "schema_migrations"."version" FROM "schema_migrations" ORDER BY "schema_migrations"."version" ASC /*application='Lab06JuanCabelloVargas'*/[0m
Processing by Devise::SessionsController#new as HTML
  Rendering layout layouts/application.html.erb
  Rendering devise/sessions/new.html.erb within layouts/application
  Rendered devise/shared/_links.html.erb (Duration: 5.0ms | GC: 0.0ms)
  Rendered devise/sessions/new.html.erb within layouts/application (Duration: 10.8ms | GC: 0.0ms)
  Rendered layout layouts/application.html.erb (Duration: 26.2ms | GC: 0.0ms)
Completed 200 OK in 75ms (Views: 37.5ms | ActiveRecord: 5.0ms (0 queries, 0 cached) | GC: 0.0ms)


Started GET "/" for 127.0.0.1 at 2025-10-20 16:54:54 -0300
Processing by RecipesController#index as HTML
  Rendering layout layouts/application.html.erb
  Rendering recipes/index.html.erb within layouts/application
  [1m[36mRecipe Exists? (0.3ms)[0m  [1m[34mSELECT 1 AS one FROM "recipes" LIMIT 1 /*action='index',application='Lab06JuanCabelloVargas',controller='recipes'*/[0m
  ↳ app/views/recipes/index.html.erb:5
  Rendered recipes/index.html.erb within layouts/application (Duration: 4.1ms | GC: 0.0ms)
  Rendered layout layouts/application.html.erb (Duration: 8.0ms | GC: 0.0ms)
Completed 200 OK in 27ms (Views: 8.8ms | ActiveRecord: 1.4ms (1 query, 0 cached) | GC: 0.0ms)


Started GET "/recipes/new" for 127.0.0.1 at 2025-10-20 16:55:03 -0300
Processing by RecipesController#new as HTML
Completed 401 Unauthorized in 7ms (ActiveRecord: 0.0ms (0 queries, 0 cached) | GC: 0.0ms)


Started GET "/users/sign_in" for 127.0.0.1 at 2025-10-20 16:55:03 -0300
Processing by Devise::SessionsController#new as HTML
  Rendering layout layouts/application.html.erb
  Rendering devise/sessions/new.html.erb within layouts/application
  Rendered devise/shared/_links.html.erb (Duration: 0.9ms | GC: 0.0ms)
  Rendered devise/sessions/new.html.erb within layouts/application (Duration: 2.5ms | GC: 0.0ms)
  Rendered layout layouts/application.html.erb (Duration: 4.8ms | GC: 0.0ms)
Completed 200 OK in 15ms (Views: 7.3ms | ActiveRecord: 0.0ms (0 queries, 0 cached) | GC: 0.0ms)


Started GET "/users/sign_up" for 127.0.0.1 at 2025-10-20 16:55:04 -0300
Processing by Devise::RegistrationsController#new as HTML
  Rendering layout layouts/application.html.erb
  Rendering devise/registrations/new.html.erb within layouts/application
  Rendered devise/shared/_links.html.erb (Duration: 1.7ms | GC: 0.0ms)
  Rendered devise/registrations/new.html.erb within layouts/application (Duration: 9.2ms | GC: 0.0ms)
  Rendered layout layouts/application.html.erb (Duration: 10.8ms | GC: 0.0ms)
Completed 200 OK in 20ms (Views: 12.0ms | ActiveRecord: 0.0ms (0 queries, 0 cached) | GC: 0.0ms)


Started GET "/recipes" for 127.0.0.1 at 2025-10-20 16:55:16 -0300
Processing by RecipesController#index as HTML
  Rendering layout layouts/application.html.erb
  Rendering recipes/index.html.erb within layouts/application
  [1m[36mRecipe Exists? (0.6ms)[0m  [1m[34mSELECT 1 AS one FROM "recipes" LIMIT 1 /*action='index',application='Lab06JuanCabelloVargas',controller='recipes'*/[0m
  ↳ app/views/recipes/index.html.erb:5
  Rendered recipes/index.html.erb within layouts/application (Duration: 3.3ms | GC: 0.0ms)
  Rendered layout layouts/application.html.erb (Duration: 7.3ms | GC: 0.0ms)
Completed 200 OK in 15ms (Views: 7.3ms | ActiveRecord: 0.5ms (1 query, 0 cached) | GC: 0.0ms)


Started GET "/users/sign_in" for 127.0.0.1 at 2025-10-20 16:55:16 -0300
Processing by Devise::SessionsController#new as HTML
  Rendering layout layouts/application.html.erb
  Rendering devise/sessions/new.html.erb within layouts/application
  Rendered devise/shared/_links.html.erb (Duration: 0.4ms | GC: 0.0ms)
  Rendered devise/sessions/new.html.erb within layouts/application (Duration: 9.1ms | GC: 0.0ms)
  Rendered layout layouts/application.html.erb (Duration: 13.1ms | GC: 0.0ms)
Completed 200 OK in 25ms (Views: 13.8ms | ActiveRecord: 0.0ms (0 queries, 0 cached) | GC: 0.0ms)


Started POST "/users/sign_in" for 127.0.0.1 at 2025-10-20 16:55:29 -0300
Processing by Devise::SessionsController#create as TURBO_STREAM
  Parameters: {"authenticity_token" => "[FILTERED]", "user" => {"email" => "[FILTERED]", "password" => "[FILTERED]", "remember_me" => "0"}}
  [1m[36mUser Load (0.8ms)[0m  [1m[34mSELECT "users".* FROM "users" WHERE "users"."email" = 'admin@rorcipes.com' ORDER BY "users"."id" ASC LIMIT 1 /*action='create',application='Lab06JuanCabelloVargas',controller='sessions'*/[0m
Redirected to http://localhost:3000/recipes/new
Completed 303 See Other in 252ms (ActiveRecord: 0.8ms (1 query, 0 cached) | GC: 0.0ms)


Started GET "/recipes/new" for 127.0.0.1 at 2025-10-20 16:55:29 -0300
Processing by RecipesController#new as TURBO_STREAM
  [1m[36mUser Load (0.6ms)[0m  [1m[34mSELECT "users".* FROM "users" WHERE "users"."id" = 1 ORDER BY "users"."id" ASC LIMIT 1 /*action='new',application='Lab06JuanCabelloVargas',controller='recipes'*/[0m
  Rendering layout layouts/application.html.erb
  Rendering recipes/new.html.erb within layouts/application
  Rendered recipes/_form.html.erb (Duration: 74.9ms | GC: 19.8ms)
  Rendered recipes/new.html.erb within layouts/application (Duration: 75.5ms | GC: 19.8ms)
  Rendered layout layouts/application.html.erb (Duration: 86.0ms | GC: 28.2ms)
Completed 500 Internal Server Error in 111ms (ActiveRecord: 3.5ms (1 query, 0 cached) | GC: 28.2ms)


  
ActionView::Template::Error (undefined local variable or method 'users_path' for an instance of #<Class:0x00007f8a7128bce0>)
Caused by: NameError (undefined local variable or method 'users_path' for an instance of #<Class:0x00007f8a7128bce0>)

Information for: ActionView::Template::Error (undefined local variable or method 'users_path' for an instance of #<Class:0x00007f8a7128bce0>):
    47: 
    48:               <% if can? :manage, User %>
    49:                 <li class="nav-item">
    50:                   <%= link_to "Users", users_path, class: "nav-link" %>
    51:                 </li>
    52:               <% end %>
    53:             <% end %>
  
app/views/layouts/application.html.erb:50

Information for cause: NameError (undefined local variable or method 'users_path' for an instance of #<Class:0x00007f8a7128bce0>):
  
app/views/layouts/application.html.erb:50
Started GET "/users/sign_in" for 127.0.0.1 at 2025-10-20 16:57:48 -0300
Processing by Devise::SessionsController#new as HTML
  [1m[36mUser Load (0.6ms)[0m  [1m[34mSELECT "users".* FROM "users" WHERE "users"."id" = 1 ORDER BY "users"."id" ASC LIMIT 1 /*action='new',application='Lab06JuanCabelloVargas',controller='sessions'*/[0m
Redirected to http://localhost:3000/
Filter chain halted as :require_no_authentication rendered or redirected
Completed 302 Found in 37ms (ActiveRecord: 2.6ms (1 query, 0 cached) | GC: 7.8ms)


Started GET "/" for 127.0.0.1 at 2025-10-20 16:57:48 -0300
Processing by RecipesController#index as HTML
  [1m[36mUser Load (0.3ms)[0m  [1m[34mSELECT "users".* FROM "users" WHERE "users"."id" = 1 ORDER BY "users"."id" ASC LIMIT 1 /*action='index',application='Lab06JuanCabelloVargas',controller='recipes'*/[0m
  ↳ app/controllers/recipes_controller.rb:7:in 'RecipesController#index'
  Rendering layout layouts/application.html.erb
  Rendering recipes/index.html.erb within layouts/application
  [1m[36mRecipe Exists? (0.2ms)[0m  [1m[34mSELECT 1 AS one FROM "recipes" LIMIT 1 /*action='index',application='Lab06JuanCabelloVargas',controller='recipes'*/[0m
  ↳ app/views/recipes/index.html.erb:5
  Rendered recipes/index.html.erb within layouts/application (Duration: 8.7ms | GC: 1.0ms)
  Rendered layout layouts/application.html.erb (Duration: 14.4ms | GC: 4.0ms)
Completed 500 Internal Server Error in 44ms (ActiveRecord: 1.0ms (2 queries, 0 cached) | GC: 9.9ms)


  
ActionView::Template::Error (undefined local variable or method 'users_path' for an instance of #<Class:0x00007f8a7ac7a0b8>)
Caused by: NameError (undefined local variable or method 'users_path' for an instance of #<Class:0x00007f8a7ac7a0b8>)

Information for: ActionView::Template::Error (undefined local variable or method 'users_path' for an instance of #<Class:0x00007f8a7ac7a0b8>):
    47: 
    48:               <% if can? :manage, User %>
    49:                 <li class="nav-item">
    50:                   <%= link_to "Users", users_path, class: "nav-link" %>
    51:                 </li>
    52:               <% end %>
    53:             <% end %>
  
app/views/layouts/application.html.erb:50

Information for cause: NameError (undefined local variable or method 'users_path' for an instance of #<Class:0x00007f8a7ac7a0b8>):
  
app/views/layouts/application.html.erb:50
Started GET "/" for 127.0.0.1 at 2025-10-20 16:58:12 -0300
Processing by RecipesController#index as HTML
  [1m[36mUser Load (0.3ms)[0m  [1m[34mSELECT "users".* FROM "users" WHERE "users"."id" = 1 ORDER BY "users"."id" ASC LIMIT 1 /*action='index',application='Lab06JuanCabelloVargas',controller='recipes'*/[0m
  ↳ app/controllers/recipes_controller.rb:7:in 'RecipesController#index'
  Rendering layout layouts/application.html.erb
  Rendering recipes/index.html.erb within layouts/application
  [1m[36mRecipe Exists? (0.3ms)[0m  [1m[34mSELECT 1 AS one FROM "recipes" LIMIT 1 /*action='index',application='Lab06JuanCabelloVargas',controller='recipes'*/[0m
  ↳ app/views/recipes/index.html.erb:5
  Rendered recipes/index.html.erb within layouts/application (Duration: 4.7ms | GC: 1.1ms)
  Rendered layout layouts/application.html.erb (Duration: 10.4ms | GC: 3.7ms)
Completed 200 OK in 61ms (Views: 12.3ms | ActiveRecord: 3.5ms (2 queries, 0 cached) | GC: 14.8ms)


Started GET "/recipes" for 127.0.0.1 at 2025-10-20 16:58:14 -0300
Processing by RecipesController#index as HTML
  [1m[36mUser Load (0.5ms)[0m  [1m[34mSELECT "users".* FROM "users" WHERE "users"."id" = 1 ORDER BY "users"."id" ASC LIMIT 1 /*action='index',application='Lab06JuanCabelloVargas',controller='recipes'*/[0m
  ↳ app/controllers/recipes_controller.rb:7:in 'RecipesController#index'
  Rendering layout layouts/application.html.erb
  Rendering recipes/index.html.erb within layouts/application
  [1m[36mRecipe Exists? (0.3ms)[0m  [1m[34mSELECT 1 AS one FROM "recipes" LIMIT 1 /*action='index',application='Lab06JuanCabelloVargas',controller='recipes'*/[0m
  ↳ app/views/recipes/index.html.erb:5
  Rendered recipes/index.html.erb within layouts/application (Duration: 4.1ms | GC: 1.8ms)
  Rendered layout layouts/application.html.erb (Duration: 14.1ms | GC: 2.6ms)
Completed 200 OK in 33ms (Views: 17.0ms | ActiveRecord: 0.8ms (2 queries, 0 cached) | GC: 8.8ms)


Started GET "/users" for 127.0.0.1 at 2025-10-20 16:58:15 -0300
Processing by UsersController#index as HTML
  [1m[36mUser Load (0.4ms)[0m  [1m[34mSELECT "users".* FROM "users" WHERE "users"."id" = 1 ORDER BY "users"."id" ASC LIMIT 1 /*action='index',application='Lab06JuanCabelloVargas',controller='users'*/[0m
Completed 406 Not Acceptable in 20ms (ActiveRecord: 0.4ms (1 query, 0 cached) | GC: 5.1ms)


  
ActionController::MissingExactTemplate (UsersController#index is missing a template for request formats: text/html):
  
actionpack (8.0.3) lib/action_controller/metal/implicit_render.rb:49:in 'ActionController::ImplicitRender#default_render'
actionpack (8.0.3) lib/action_controller/metal/basic_implicit_render.rb:9:in 'ActionController::BasicImplicitRender#send_action'
actionpack (8.0.3) lib/abstract_controller/base.rb:215:in 'AbstractController::Base#process_action'
actionpack (8.0.3) lib/action_controller/metal/rendering.rb:193:in 'ActionController::Rendering#process_action'
actionpack (8.0.3) lib/abstract_controller/callbacks.rb:261:in 'block in AbstractController::Callbacks#process_action'
activesupport (8.0.3) lib/active_support/callbacks.rb:120:in 'block in ActiveSupport::Callbacks#run_callbacks'
turbo-rails (2.0.17) lib/turbo-rails.rb:24:in 'Turbo.with_request_id'
turbo-rails (2.0.17) app/controllers/concerns/turbo/request_id_tracking.rb:10:in 'Turbo::RequestIdTracking#turbo_tracking_request_id'
activesupport (8.0.3) lib/active_support/callbacks.rb:129:in 'block in ActiveSupport::Callbacks#run_callbacks'
actiontext (8.0.3) lib/action_text/rendering.rb:25:in 'ActionText::Rendering::ClassMethods#with_renderer'
actiontext (8.0.3) lib/action_text/engine.rb:71:in 'block (4 levels) in <class:Engine>'
activesupport (8.0.3) lib/active_support/callbacks.rb:129:in 'BasicObject#instance_exec'
activesupport (8.0.3) lib/active_support/callbacks.rb:129:in 'block in ActiveSupport::Callbacks#run_callbacks'
activesupport (8.0.3) lib/active_support/callbacks.rb:140:in 'ActiveSupport::Callbacks#run_callbacks'
actionpack (8.0.3) lib/abstract_controller/callbacks.rb:260:in 'AbstractController::Callbacks#process_action'
actionpack (8.0.3) lib/action_controller/metal/rescue.rb:27:in 'ActionController::Rescue#process_action'
actionpack (8.0.3) lib/action_controller/metal/instrumentation.rb:76:in 'block in ActionController::Instrumentation#process_action'
activesupport (8.0.3) lib/active_support/notifications.rb:210:in 'block in ActiveSupport::Notifications.instrument'
activesupport (8.0.3) lib/active_support/notifications/instrumenter.rb:58:in 'ActiveSupport::Notifications::Instrumenter#instrument'
activesupport (8.0.3) lib/active_support/notifications.rb:210:in 'ActiveSupport::Notifications.instrument'
actionpack (8.0.3) lib/action_controller/metal/instrumentation.rb:75:in 'ActionController::Instrumentation#process_action'
actionpack (8.0.3) lib/action_controller/metal/params_wrapper.rb:259:in 'ActionController::ParamsWrapper#process_action'
activerecord (8.0.3) lib/active_record/railties/controller_runtime.rb:39:in 'ActiveRecord::Railties::ControllerRuntime#process_action'
actionpack (8.0.3) lib/abstract_controller/base.rb:152:in 'AbstractController::Base#process'
actionview (8.0.3) lib/action_view/rendering.rb:40:in 'ActionView::Rendering#process'
actionpack (8.0.3) lib/action_controller/metal.rb:252:in 'ActionController::Metal#dispatch'
actionpack (8.0.3) lib/action_controller/metal.rb:335:in 'ActionController::Metal.dispatch'
actionpack (8.0.3) lib/action_dispatch/routing/route_set.rb:67:in 'ActionDispatch::Routing::RouteSet::Dispatcher#dispatch'
actionpack (8.0.3) lib/action_dispatch/routing/route_set.rb:50:in 'ActionDispatch::Routing::RouteSet::Dispatcher#serve'
actionpack (8.0.3) lib/action_dispatch/journey/router.rb:53:in 'block in ActionDispatch::Journey::Router#serve'
actionpack (8.0.3) lib/action_dispatch/journey/router.rb:133:in 'block in ActionDispatch::Journey::Router#find_routes'
actionpack (8.0.3) lib/action_dispatch/journey/router.rb:126:in 'Array#each'
actionpack (8.0.3) lib/action_dispatch/journey/router.rb:126:in 'ActionDispatch::Journey::Router#find_routes'
actionpack (8.0.3) lib/action_dispatch/journey/router.rb:34:in 'ActionDispatch::Journey::Router#serve'
actionpack (8.0.3) lib/action_dispatch/routing/route_set.rb:908:in 'ActionDispatch::Routing::RouteSet#call'
railties (8.0.3) lib/rails/engine/lazy_route_set.rb:60:in 'Rails::Engine::LazyRouteSet#call'
warden (1.2.9) lib/warden/manager.rb:36:in 'block in Warden::Manager#call'
warden (1.2.9) lib/warden/manager.rb:34:in 'Kernel#catch'
warden (1.2.9) lib/warden/manager.rb:34:in 'Warden::Manager#call'
rack (3.2.1) lib/rack/tempfile_reaper.rb:20:in 'Rack::TempfileReaper#call'
rack (3.2.1) lib/rack/etag.rb:29:in 'Rack::ETag#call'
rack (3.2.1) lib/rack/conditional_get.rb:31:in 'Rack::ConditionalGet#call'
rack (3.2.1) lib/rack/head.rb:15:in 'Rack::Head#call'
actionpack (8.0.3) lib/action_dispatch/http/permissions_policy.rb:38:in 'ActionDispatch::PermissionsPolicy::Middleware#call'
actionpack (8.0.3) lib/action_dispatch/http/content_security_policy.rb:38:in 'ActionDispatch::ContentSecurityPolicy::Middleware#call'
rack-session (2.1.1) lib/rack/session/abstract/id.rb:274:in 'Rack::Session::Abstract::Persisted#context'
rack-session (2.1.1) lib/rack/session/abstract/id.rb:268:in 'Rack::Session::Abstract::Persisted#call'
actionpack (8.0.3) lib/action_dispatch/middleware/cookies.rb:706:in 'ActionDispatch::Cookies#call'
activerecord (8.0.3) lib/active_record/migration.rb:670:in 'ActiveRecord::Migration::CheckPending#call'
actionpack (8.0.3) lib/action_dispatch/middleware/callbacks.rb:31:in 'block in ActionDispatch::Callbacks#call'
activesupport (8.0.3) lib/active_support/callbacks.rb:100:in 'ActiveSupport::Callbacks#run_callbacks'
actionpack (8.0.3) lib/action_dispatch/middleware/callbacks.rb:30:in 'ActionDispatch::Callbacks#call'
actionpack (8.0.3) lib/action_dispatch/middleware/executor.rb:16:in 'ActionDispatch::Executor#call'
actionpack (8.0.3) lib/action_dispatch/middleware/actionable_exceptions.rb:18:in 'ActionDispatch::ActionableExceptions#call'
actionpack (8.0.3) lib/action_dispatch/middleware/debug_exceptions.rb:31:in 'ActionDispatch::DebugExceptions#call'
web-console (4.2.1) lib/web_console/middleware.rb:132:in 'WebConsole::Middleware#call_app'
web-console (4.2.1) lib/web_console/middleware.rb:28:in 'block in WebConsole::Middleware#call'
web-console (4.2.1) lib/web_console/middleware.rb:17:in 'Kernel#catch'
web-console (4.2.1) lib/web_console/middleware.rb:17:in 'WebConsole::Middleware#call'
actionpack (8.0.3) lib/action_dispatch/middleware/show_exceptions.rb:32:in 'ActionDispatch::ShowExceptions#call'
railties (8.0.3) lib/rails/rack/logger.rb:41:in 'Rails::Rack::Logger#call_app'
railties (8.0.3) lib/rails/rack/logger.rb:29:in 'Rails::Rack::Logger#call'
actionpack (8.0.3) lib/action_dispatch/middleware/remote_ip.rb:96:in 'ActionDispatch::RemoteIp#call'
actionpack (8.0.3) lib/action_dispatch/middleware/request_id.rb:34:in 'ActionDispatch::RequestId#call'
rack (3.2.1) lib/rack/method_override.rb:28:in 'Rack::MethodOverride#call'
rack (3.2.1) lib/rack/runtime.rb:24:in 'Rack::Runtime#call'
actionpack (8.0.3) lib/action_dispatch/middleware/server_timing.rb:61:in 'block in ActionDispatch::ServerTiming#call'
actionpack (8.0.3) lib/action_dispatch/middleware/server_timing.rb:26:in 'ActionDispatch::ServerTiming::Subscriber#collect_events'
actionpack (8.0.3) lib/action_dispatch/middleware/server_timing.rb:60:in 'ActionDispatch::ServerTiming#call'
actionpack (8.0.3) lib/action_dispatch/middleware/executor.rb:16:in 'ActionDispatch::Executor#call'
propshaft (1.3.1) lib/propshaft/server.rb:37:in 'Propshaft::Server#call'
actionpack (8.0.3) lib/action_dispatch/middleware/static.rb:27:in 'ActionDispatch::Static#call'
rack (3.2.1) lib/rack/sendfile.rb:114:in 'Rack::Sendfile#call'
actionpack (8.0.3) lib/action_dispatch/middleware/host_authorization.rb:143:in 'ActionDispatch::HostAuthorization#call'
railties (8.0.3) lib/rails/engine.rb:535:in 'Rails::Engine#call'
puma (7.0.4) lib/puma/configuration.rb:299:in 'Puma::Configuration::ConfigMiddleware#call'
puma (7.0.4) lib/puma/request.rb:101:in 'block in Puma::Request#handle_request'
puma (7.0.4) lib/puma/thread_pool.rb:346:in 'Puma::ThreadPool#with_force_shutdown'
puma (7.0.4) lib/puma/request.rb:100:in 'Puma::Request#handle_request'
puma (7.0.4) lib/puma/server.rb:506:in 'Puma::Server#process_client'
puma (7.0.4) lib/puma/server.rb:265:in 'block in Puma::Server#run'
puma (7.0.4) lib/puma/thread_pool.rb:173:in 'block in Puma::ThreadPool#spawn_thread'
Started GET "/" for 127.0.0.1 at 2025-10-20 16:58:19 -0300
Processing by RecipesController#index as HTML
  [1m[36mUser Load (0.3ms)[0m  [1m[34mSELECT "users".* FROM "users" WHERE "users"."id" = 1 ORDER BY "users"."id" ASC LIMIT 1 /*action='index',application='Lab06JuanCabelloVargas',controller='recipes'*/[0m
  ↳ app/controllers/recipes_controller.rb:7:in 'RecipesController#index'
  Rendering layout layouts/application.html.erb
  Rendering recipes/index.html.erb within layouts/application
  [1m[36mRecipe Exists? (0.2ms)[0m  [1m[34mSELECT 1 AS one FROM "recipes" LIMIT 1 /*action='index',application='Lab06JuanCabelloVargas',controller='recipes'*/[0m
  ↳ app/views/recipes/index.html.erb:5
  Rendered recipes/index.html.erb within layouts/application (Duration: 1.7ms | GC: 0.0ms)
  Rendered layout layouts/application.html.erb (Duration: 5.8ms | GC: 0.0ms)
Completed 200 OK in 16ms (Views: 5.9ms | ActiveRecord: 0.5ms (2 queries, 0 cached) | GC: 0.0ms)


Started GET "/" for 127.0.0.1 at 2025-10-20 17:00:04 -0300
Processing by RecipesController#index as HTML
  [1m[36mUser Load (0.4ms)[0m  [1m[34mSELECT "users".* FROM "users" WHERE "users"."id" = 1 ORDER BY "users"."id" ASC LIMIT 1 /*action='index',application='Lab06JuanCabelloVargas',controller='recipes'*/[0m
  ↳ app/controllers/recipes_controller.rb:7:in 'RecipesController#index'
  Rendering layout layouts/application.html.erb
  Rendering recipes/index.html.erb within layouts/application
  [1m[36mRecipe Exists? (0.2ms)[0m  [1m[34mSELECT 1 AS one FROM "recipes" LIMIT 1 /*action='index',application='Lab06JuanCabelloVargas',controller='recipes'*/[0m
  ↳ app/views/recipes/index.html.erb:5
  Rendered recipes/index.html.erb within layouts/application (Duration: 3.2ms | GC: 0.0ms)
  Rendered layout layouts/application.html.erb (Duration: 5.8ms | GC: 0.0ms)
Completed 200 OK in 37ms (Views: 7.5ms | ActiveRecord: 3.6ms (2 queries, 0 cached) | GC: 0.5ms)


Started GET "/recipes" for 127.0.0.1 at 2025-10-20 17:00:05 -0300
Processing by RecipesController#index as HTML
  [1m[36mUser Load (0.5ms)[0m  [1m[34mSELECT "users".* FROM "users" WHERE "users"."id" = 1 ORDER BY "users"."id" ASC LIMIT 1 /*action='index',application='Lab06JuanCabelloVargas',controller='recipes'*/[0m
  ↳ app/controllers/recipes_controller.rb:7:in 'RecipesController#index'
  Rendering layout layouts/application.html.erb
  Rendering recipes/index.html.erb within layouts/application
  [1m[36mRecipe Exists? (0.2ms)[0m  [1m[34mSELECT 1 AS one FROM "recipes" LIMIT 1 /*action='index',application='Lab06JuanCabelloVargas',controller='recipes'*/[0m
  ↳ app/views/recipes/index.html.erb:5
  Rendered recipes/index.html.erb within layouts/application (Duration: 0.9ms | GC: 0.0ms)
  Rendered layout layouts/application.html.erb (Duration: 3.5ms | GC: 0.0ms)
Completed 200 OK in 13ms (Views: 4.2ms | ActiveRecord: 0.6ms (2 queries, 0 cached) | GC: 0.0ms)


Started GET "/users" for 127.0.0.1 at 2025-10-20 17:00:05 -0300
Processing by UsersController#index as HTML
  [1m[36mUser Load (0.3ms)[0m  [1m[34mSELECT "users".* FROM "users" WHERE "users"."id" = 1 ORDER BY "users"."id" ASC LIMIT 1 /*action='index',application='Lab06JuanCabelloVargas',controller='users'*/[0m
  Rendering layout layouts/application.html.erb
  Rendering users/index.html.erb within layouts/application
  [1m[36mUser Load (0.3ms)[0m  [1m[34mSELECT "users".* FROM "users" /*action='index',application='Lab06JuanCabelloVargas',controller='users'*/[0m
  ↳ app/views/users/index.html.erb:11
  Rendered users/index.html.erb within layouts/application (Duration: 1.9ms | GC: 0.0ms)
  Rendered layout layouts/application.html.erb (Duration: 3.9ms | GC: 0.0ms)
Completed 200 OK in 16ms (Views: 5.3ms | ActiveRecord: 0.6ms (2 queries, 0 cached) | GC: 0.3ms)


Started GET "/users" for 127.0.0.1 at 2025-10-20 17:02:04 -0300
Processing by UsersController#index as HTML
  [1m[36mUser Load (0.3ms)[0m  [1m[34mSELECT "users".* FROM "users" WHERE "users"."id" = 1 ORDER BY "users"."id" ASC LIMIT 1 /*action='index',application='Lab06JuanCabelloVargas',controller='users'*/[0m
  Rendering layout layouts/application.html.erb
  Rendering users/index.html.erb within layouts/application
  [1m[36mUser Load (0.2ms)[0m  [1m[34mSELECT "users".* FROM "users" /*action='index',application='Lab06JuanCabelloVargas',controller='users'*/[0m
  ↳ app/views/users/index.html.erb:11
  Rendered users/index.html.erb within layouts/application (Duration: 2.1ms | GC: 0.0ms)
  Rendered layout layouts/application.html.erb (Duration: 10.7ms | GC: 0.0ms)
Completed 200 OK in 35ms (Views: 11.9ms | ActiveRecord: 2.5ms (2 queries, 0 cached) | GC: 0.0ms)


Started GET "/users" for 127.0.0.1 at 2025-10-20 17:02:17 -0300
Processing by UsersController#index as HTML
  [1m[36mUser Load (0.2ms)[0m  [1m[34mSELECT "users".* FROM "users" WHERE "users"."id" = 1 ORDER BY "users"."id" ASC LIMIT 1 /*action='index',application='Lab06JuanCabelloVargas',controller='users'*/[0m
  Rendering layout layouts/application.html.erb
  Rendering users/index.html.erb within layouts/application
  [1m[36mUser Load (0.3ms)[0m  [1m[34mSELECT "users".* FROM "users" /*action='index',application='Lab06JuanCabelloVargas',controller='users'*/[0m
  ↳ app/views/users/index.html.erb:11
  Rendered users/index.html.erb within layouts/application (Duration: 1.3ms | GC: 0.0ms)
  Rendered layout layouts/application.html.erb (Duration: 8.8ms | GC: 0.0ms)
Completed 200 OK in 33ms (Views: 9.9ms | ActiveRecord: 2.9ms (2 queries, 0 cached) | GC: 0.5ms)


Started GET "/recipes" for 127.0.0.1 at 2025-10-20 17:02:23 -0300
Processing by RecipesController#index as HTML
  [1m[36mUser Load (0.4ms)[0m  [1m[34mSELECT "users".* FROM "users" WHERE "users"."id" = 1 ORDER BY "users"."id" ASC LIMIT 1 /*action='index',application='Lab06JuanCabelloVargas',controller='recipes'*/[0m
  ↳ app/controllers/recipes_controller.rb:7:in 'RecipesController#index'
  Rendering layout layouts/application.html.erb
  Rendering recipes/index.html.erb within layouts/application
  [1m[36mRecipe Exists? (0.2ms)[0m  [1m[34mSELECT 1 AS one FROM "recipes" LIMIT 1 /*action='index',application='Lab06JuanCabelloVargas',controller='recipes'*/[0m
  ↳ app/views/recipes/index.html.erb:5
  Rendered recipes/index.html.erb within layouts/application (Duration: 2.4ms | GC: 0.4ms)
  Rendered layout layouts/application.html.erb (Duration: 7.3ms | GC: 0.4ms)
Completed 200 OK in 19ms (Views: 7.5ms | ActiveRecord: 1.2ms (2 queries, 0 cached) | GC: 0.4ms)


Started GET "/recipes" for 127.0.0.1 at 2025-10-20 17:02:23 -0300
Processing by RecipesController#index as HTML
  [1m[36mUser Load (0.5ms)[0m  [1m[34mSELECT "users".* FROM "users" WHERE "users"."id" = 1 ORDER BY "users"."id" ASC LIMIT 1 /*action='index',application='Lab06JuanCabelloVargas',controller='recipes'*/[0m
  ↳ app/controllers/recipes_controller.rb:7:in 'RecipesController#index'
  Rendering layout layouts/application.html.erb
  Rendering recipes/index.html.erb within layouts/application
  [1m[36mRecipe Exists? (0.4ms)[0m  [1m[34mSELECT 1 AS one FROM "recipes" LIMIT 1 /*action='index',application='Lab06JuanCabelloVargas',controller='recipes'*/[0m
  ↳ app/views/recipes/index.html.erb:5
  Rendered recipes/index.html.erb within layouts/application (Duration: 1.6ms | GC: 0.0ms)
  Rendered layout layouts/application.html.erb (Duration: 2.8ms | GC: 0.3ms)
Completed 200 OK in 11ms (Views: 2.8ms | ActiveRecord: 0.8ms (2 queries, 0 cached) | GC: 0.3ms)


Started GET "/users" for 127.0.0.1 at 2025-10-20 17:02:27 -0300
Processing by UsersController#index as HTML
  [1m[36mUser Load (0.4ms)[0m  [1m[34mSELECT "users".* FROM "users" WHERE "users"."id" = 1 ORDER BY "users"."id" ASC LIMIT 1 /*action='index',application='Lab06JuanCabelloVargas',controller='users'*/[0m
  Rendering layout layouts/application.html.erb
  Rendering users/index.html.erb within layouts/application
  [1m[36mUser Load (0.2ms)[0m  [1m[34mSELECT "users".* FROM "users" /*action='index',application='Lab06JuanCabelloVargas',controller='users'*/[0m
  ↳ app/views/users/index.html.erb:11
  Rendered users/index.html.erb within layouts/application (Duration: 2.6ms | GC: 0.2ms)
  Rendered layout layouts/application.html.erb (Duration: 5.9ms | GC: 0.2ms)
Completed 200 OK in 21ms (Views: 6.3ms | ActiveRecord: 0.6ms (2 queries, 0 cached) | GC: 0.2ms)


Started GET "/users" for 127.0.0.1 at 2025-10-20 17:05:30 -0300
Processing by UsersController#index as HTML
  [1m[36mUser Load (0.1ms)[0m  [1m[34mSELECT "users".* FROM "users" WHERE "users"."id" = 1 ORDER BY "users"."id" ASC LIMIT 1 /*action='index',application='Lab06JuanCabelloVargas',controller='users'*/[0m
  Rendering layout layouts/application.html.erb
  Rendering users/index.html.erb within layouts/application
  [1m[36mUser Load (0.2ms)[0m  [1m[34mSELECT "users".* FROM "users" /*action='index',application='Lab06JuanCabelloVargas',controller='users'*/[0m
  ↳ app/views/users/index.html.erb:11
  Rendered users/index.html.erb within layouts/application (Duration: 1.4ms | GC: 0.0ms)
  Rendered layout layouts/application.html.erb (Duration: 8.0ms | GC: 0.0ms)
Completed 200 OK in 30ms (Views: 10.5ms | ActiveRecord: 2.5ms (2 queries, 0 cached) | GC: 0.0ms)


Started GET "/" for 127.0.0.1 at 2025-10-20 17:19:24 -0300
Processing by RecipesController#index as HTML
  [1m[36mUser Load (14.6ms)[0m  [1m[34mSELECT "users".* FROM "users" WHERE "users"."id" = 1 ORDER BY "users"."id" ASC LIMIT 1 /*action='index',application='Lab06JuanCabelloVargas',controller='recipes'*/[0m
  ↳ app/controllers/recipes_controller.rb:7:in 'RecipesController#index'
  Rendering layout layouts/application.html.erb
  Rendering recipes/index.html.erb within layouts/application
  [1m[36mRecipe Exists? (0.2ms)[0m  [1m[34mSELECT 1 AS one FROM "recipes" LIMIT 1 /*action='index',application='Lab06JuanCabelloVargas',controller='recipes'*/[0m
  ↳ app/views/recipes/index.html.erb:5
  Rendered recipes/index.html.erb within layouts/application (Duration: 2.3ms | GC: 0.6ms)
  Rendered layout layouts/application.html.erb (Duration: 5.4ms | GC: 0.6ms)
Completed 200 OK in 34ms (Views: 6.0ms | ActiveRecord: 19.2ms (2 queries, 0 cached) | GC: 6.8ms)


Started GET "/users" for 127.0.0.1 at 2025-10-20 17:20:26 -0300
Processing by UsersController#index as HTML
  [1m[36mUser Load (0.5ms)[0m  [1m[34mSELECT "users".* FROM "users" WHERE "users"."id" = 1 ORDER BY "users"."id" ASC LIMIT 1 /*action='index',application='Lab06JuanCabelloVargas',controller='users'*/[0m
  Rendering layout layouts/application.html.erb
  Rendering users/index.html.erb within layouts/application
  [1m[36mUser Load (0.2ms)[0m  [1m[34mSELECT "users".* FROM "users" /*action='index',application='Lab06JuanCabelloVargas',controller='users'*/[0m
  ↳ app/views/users/index.html.erb:11
  Rendered users/index.html.erb within layouts/application (Duration: 1.2ms | GC: 0.0ms)
  Rendered layout layouts/application.html.erb (Duration: 4.3ms | GC: 0.0ms)
Completed 200 OK in 16ms (Views: 4.3ms | ActiveRecord: 0.7ms (2 queries, 0 cached) | GC: 0.6ms)


  [1m[36mActiveRecord::SchemaMigration Load (0.9ms)[0m  [1m[34mSELECT "schema_migrations"."version" FROM "schema_migrations" ORDER BY "schema_migrations"."version" ASC /*application='Lab06JuanCabelloVargas'*/[0m
  [1m[36mActiveRecord::SchemaMigration Load (0.6ms)[0m  [1m[34mSELECT "schema_migrations"."version" FROM "schema_migrations" ORDER BY "schema_migrations"."version" ASC /*application='Lab06JuanCabelloVargas'*/[0m
  [1m[36mActiveRecord::SchemaMigration Load (0.5ms)[0m  [1m[34mSELECT "schema_migrations"."version" FROM "schema_migrations" ORDER BY "schema_migrations"."version" ASC /*application='Lab06JuanCabelloVargas'*/[0m
